[debug] [2023-08-16T03:50:42.336Z] ----------------------------------------------------------------------
[debug] [2023-08-16T03:50:42.342Z] Command:       C:\Program Files\nodejs\node.exe C:\Program Files\nodejs\node_modules\firebase-tools\lib\bin\firebase.js init
[debug] [2023-08-16T03:50:42.343Z] CLI Version:   12.4.8
[debug] [2023-08-16T03:50:42.343Z] Platform:      win32
[debug] [2023-08-16T03:50:42.344Z] Node Version:  v18.14.2
[debug] [2023-08-16T03:50:42.346Z] Time:          Wed Aug 16 2023 10:50:42 GMT+0700 (Western Indonesia Time)
[debug] [2023-08-16T03:50:42.346Z] ----------------------------------------------------------------------
[debug] 
[debug] [2023-08-16T03:50:42.352Z] >>> [apiv2][query] GET https://firebase-public.firebaseio.com/cli.json [none]
[debug] [2023-08-16T03:50:42.458Z] > command requires scopes: ["email","openid","https://www.googleapis.com/auth/cloudplatformprojects.readonly","https://www.googleapis.com/auth/firebase","https://www.googleapis.com/auth/cloud-platform"]
[debug] [2023-08-16T03:50:42.459Z] > authorizing via signed-in user (fajar@upi.edu)
[info] 
     ######## #### ########  ######## ########     ###     ######  ########
     ##        ##  ##     ## ##       ##     ##  ##   ##  ##       ##
     ######    ##  ########  ######   ########  #########  ######  ######
     ##        ##  ##    ##  ##       ##     ## ##     ##       ## ##
     ##       #### ##     ## ######## ########  ##     ##  ######  ########

You're about to initialize a Firebase project in this directory:

  D:\Programming\Dicoding\Belajar Tools Front-End Web Intermediate\StoryApp

[debug] [2023-08-16T03:50:43.051Z] <<< [apiv2][status] GET https://firebase-public.firebaseio.com/cli.json 200
[debug] [2023-08-16T03:50:43.052Z] <<< [apiv2][body] GET https://firebase-public.firebaseio.com/cli.json {"cloudBuildErrorAfter":1594252800000,"cloudBuildWarnAfter":1590019200000,"defaultNode10After":1594252800000,"minVersion":"3.0.5","node8DeploysDisabledAfter":1613390400000,"node8RuntimeDisabledAfter":1615809600000,"node8WarnAfter":1600128000000}
[info] 
=== Project Setup
[info] 
[info] First, let's associate this project directory with a Firebase project.
[info] You can create multiple project aliases by running firebase use --add, 
[info] but for now we'll just set up a default project.
[info] 
[debug] [2023-08-16T03:51:30.589Z] > refreshing access token with scopes: []
[debug] [2023-08-16T03:51:30.591Z] >>> [apiv2][query] POST https://www.googleapis.com/oauth2/v3/token [none]
[debug] [2023-08-16T03:51:30.591Z] >>> [apiv2][body] POST https://www.googleapis.com/oauth2/v3/token [omitted]
[debug] [2023-08-16T03:51:30.772Z] <<< [apiv2][status] POST https://www.googleapis.com/oauth2/v3/token 200
[debug] [2023-08-16T03:51:30.772Z] <<< [apiv2][body] POST https://www.googleapis.com/oauth2/v3/token [omitted]
[debug] [2023-08-16T03:51:30.811Z] >>> [apiv2][query] GET https://firebase.googleapis.com/v1beta1/projects pageSize=100
[debug] [2023-08-16T03:51:31.510Z] <<< [apiv2][status] GET https://firebase.googleapis.com/v1beta1/projects 200
[debug] [2023-08-16T03:51:31.510Z] <<< [apiv2][body] GET https://firebase.googleapis.com/v1beta1/projects [omitted]
[info] i  Using project story-app-b3c43 (Story App) 
[info] 
=== Hosting Setup
[info] 
[info] Your public directory is the folder (relative to your project directory) that
[info] will contain Hosting assets to be uploaded with firebase deploy. If you
[info] have a build process for your assets, use your build's output directory.
[info] 
[info] +  Wrote public/404.html 
[debug] [2023-08-16T03:52:30.823Z] >>> [apiv2][query] GET https://www.gstatic.com/firebasejs/releases.json [none]
[debug] [2023-08-16T03:52:30.967Z] <<< [apiv2][status] GET https://www.gstatic.com/firebasejs/releases.json 200
[debug] [2023-08-16T03:52:30.967Z] <<< [apiv2][body] GET https://www.gstatic.com/firebasejs/releases.json {"current":{"version":"10.1.0","browserURL":"https://www.gstatic.com/firebasejs/10.1.0/firebase.js","packageURL":"https://www.gstatic.com/firebasejs/10.1.0/firebase.tgz"},"live":{"version":"10.1","browserURL":"https://www.gstatic.com/firebasejs/live/10.1/firebase.js","packageURL":"https://www.gstatic.com/firebasejs/live/10.1/firebase.tgz"},"components":{"analytics":"https://www.gstatic.com/firebasejs/10.1.0/firebase-analytics.js","app":"https://www.gstatic.com/firebasejs/10.1.0/firebase-app.js","app-check":"https://www.gstatic.com/firebasejs/10.1.0/firebase-app-check.js","auth":"https://www.gstatic.com/firebasejs/10.1.0/firebase-auth.js","auth/cordova":"https://www.gstatic.com/firebasejs/10.1.0/firebase-auth/cordova.js","functions":"https://www.gstatic.com/firebasejs/10.1.0/firebase-functions.js","firestore":"https://www.gstatic.com/firebasejs/10.1.0/firebase-firestore.js","firestore/lite":"https://www.gstatic.com/firebasejs/10.1.0/firebase-firestore/lite.js","installations":"https://www.gstatic.com/firebasejs/10.1.0/firebase-installations.js","storage":"https://www.gstatic.com/firebasejs/10.1.0/firebase-storage.js","performance":"https://www.gstatic.com/firebasejs/10.1.0/firebase-performance.js","remote-config":"https://www.gstatic.com/firebasejs/10.1.0/firebase-remote-config.js","messaging":"https://www.gstatic.com/firebasejs/10.1.0/firebase-messaging.js","messaging/sw":"https://www.gstatic.com/firebasejs/10.1.0/firebase-messaging/sw.js","database":"https://www.gstatic.com/firebasejs/10.1.0/firebase-database.js","firestore.memory":"https://www.gstatic.com/firebasejs/10.1.0/firebase-firestore.memory.js"}}
[info] +  Wrote public/index.html 
[info] 
[info] i  Didn't detect a .git folder. Assuming D:\Programming\Dicoding\Belajar Tools Front-End Web Intermediate\StoryApp is the project root. 
[info] i  Authorizing with GitHub to upload your service account to a GitHub repository's secrets store. 
[info] 
[info] Visit this URL on this device to log in:
[info] https://github.com/login/oauth/authorize?client_id=89cf50f02ac6aaed3484&state=1931668&redirect_uri=http%3A%2F%2Flocalhost%3A9005&scope=read%3Auser%20repo%20public_repo
[info] 
[info] Waiting for authentication...
[debug] [2023-08-16T03:52:51.723Z] >>> [apiv2][query] POST https://github.com/login/oauth/access_token [none]
[debug] [2023-08-16T03:52:51.724Z] >>> [apiv2][body] POST https://github.com/login/oauth/access_token [stream]
[debug] [2023-08-16T03:52:52.186Z] <<< [apiv2][status] POST https://github.com/login/oauth/access_token 200
[debug] [2023-08-16T03:52:52.186Z] <<< [apiv2][body] POST https://github.com/login/oauth/access_token {"access_token":"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","token_type":"bearer","scope":"read:user,repo"}
[debug] [2023-08-16T03:52:52.214Z] >>> [apiv2][query] GET https://api.github.com/user [none]
[debug] [2023-08-16T03:52:52.669Z] <<< [apiv2][status] GET https://api.github.com/user 200
[debug] [2023-08-16T03:52:52.671Z] <<< [apiv2][body] GET https://api.github.com/user {"login":"Fajarsidiq477","id":56021638,"node_id":"MDQ6VXNlcjU2MDIxNjM4","avatar_url":"https://avatars.githubusercontent.com/u/56021638?v=4","gravatar_id":"","url":"https://api.github.com/users/Fajarsidiq477","html_url":"https://github.com/Fajarsidiq477","followers_url":"https://api.github.com/users/Fajarsidiq477/followers","following_url":"https://api.github.com/users/Fajarsidiq477/following{/other_user}","gists_url":"https://api.github.com/users/Fajarsidiq477/gists{/gist_id}","starred_url":"https://api.github.com/users/Fajarsidiq477/starred{/owner}{/repo}","subscriptions_url":"https://api.github.com/users/Fajarsidiq477/subscriptions","organizations_url":"https://api.github.com/users/Fajarsidiq477/orgs","repos_url":"https://api.github.com/users/Fajarsidiq477/repos","events_url":"https://api.github.com/users/Fajarsidiq477/events{/privacy}","received_events_url":"https://api.github.com/users/Fajarsidiq477/received_events","type":"User","site_admin":false,"name":null,"company":null,"blog":"","location":null,"email":null,"hireable":null,"bio":null,"twitter_username":null,"public_repos":19,"public_gists":0,"followers":1,"following":1,"created_at":"2019-10-01T08:50:46Z","updated_at":"2023-07-15T09:43:35Z","private_gists":0,"total_private_repos":3,"owned_private_repos":3,"disk_usage":126069,"collaborators":0,"two_factor_authentication":false,"plan":{"name":"free","space":976562499,"collaborators":0,"private_repos":10000}}
[info] 
[info] +  Success! Logged into GitHub as Fajarsidiq477 
[info] 
[debug] [2023-08-16T03:53:09.511Z] >>> [apiv2][query] GET https://api.github.com/repos/user/repository/actions/secrets/public-key type=owner
[debug] [2023-08-16T03:53:09.901Z] <<< [apiv2][status] GET https://api.github.com/repos/user/repository/actions/secrets/public-key 404
[debug] [2023-08-16T03:53:09.901Z] <<< [apiv2][body] GET https://api.github.com/repos/user/repository/actions/secrets/public-key {"message":"Not Found","documentation_url":"https://docs.github.com/rest/actions/secrets#get-a-repository-public-key"}
[info] 
[info] 
[error] !  The provided authorization cannot be used with this repository. If this repository is in an organization, did you remember to grant access? 
[info] 
[info] i  Action required: Visit this URL to ensure access has been granted to the appropriate organization(s) for the Firebase CLI GitHub OAuth App: 
[info] https://github.com/settings/connections/applications/89cf50f02ac6aaed3484
[info] 
[debug] [2023-08-16T03:53:14.568Z] >>> [apiv2][query] GET https://api.github.com/repos/user/repository/actions/secrets/public-key type=owner
[debug] [2023-08-16T03:53:14.950Z] <<< [apiv2][status] GET https://api.github.com/repos/user/repository/actions/secrets/public-key 404
[debug] [2023-08-16T03:53:14.951Z] <<< [apiv2][body] GET https://api.github.com/repos/user/repository/actions/secrets/public-key {"message":"Not Found","documentation_url":"https://docs.github.com/rest/actions/secrets#get-a-repository-public-key"}
[info] 
[info] 
[error] !  The provided authorization cannot be used with this repository. If this repository is in an organization, did you remember to grant access? 
[info] 
[info] i  Action required: Visit this URL to ensure access has been granted to the appropriate organization(s) for the Firebase CLI GitHub OAuth App: 
[info] https://github.com/settings/connections/applications/89cf50f02ac6aaed3484
[info] 
[debug] [2023-08-16T03:53:33.672Z] >>> [apiv2][query] GET https://api.github.com/repos/StoryApp/actions/secrets/public-key type=owner
[debug] [2023-08-16T03:53:34.068Z] <<< [apiv2][status] GET https://api.github.com/repos/StoryApp/actions/secrets/public-key 404
[debug] [2023-08-16T03:53:34.068Z] <<< [apiv2][body] GET https://api.github.com/repos/StoryApp/actions/secrets/public-key {"message":"Not Found","documentation_url":"https://docs.github.com/rest"}
[info] 
[info] 
[error] !  The provided authorization cannot be used with this repository. If this repository is in an organization, did you remember to grant access? 
[info] 
[info] i  Action required: Visit this URL to ensure access has been granted to the appropriate organization(s) for the Firebase CLI GitHub OAuth App: 
[info] https://github.com/settings/connections/applications/89cf50f02ac6aaed3484
[info] 
[debug] [2023-08-16T03:53:36.416Z] >>> [apiv2][query] GET https://api.github.com/repos/StoryApp/actions/secrets/public-key type=owner
[debug] [2023-08-16T03:53:36.788Z] <<< [apiv2][status] GET https://api.github.com/repos/StoryApp/actions/secrets/public-key 404
[debug] [2023-08-16T03:53:36.789Z] <<< [apiv2][body] GET https://api.github.com/repos/StoryApp/actions/secrets/public-key {"message":"Not Found","documentation_url":"https://docs.github.com/rest"}
[info] 
[info] 
[error] !  The provided authorization cannot be used with this repository. If this repository is in an organization, did you remember to grant access? 
[info] 
[info] i  Action required: Visit this URL to ensure access has been granted to the appropriate organization(s) for the Firebase CLI GitHub OAuth App: 
[info] https://github.com/settings/connections/applications/89cf50f02ac6aaed3484
[info] 
